2025-04-15 23:55:07.079873 - Received CBT.V505.FILE753.PDS from FILE753.XMI 
2025-04-15 23:55:07.080954 - Found $$$#DATE.txt (text/plain) in CBT.V505.FILE753.PDS, moved to PDS/$$$#DATE
2025-04-15 23:55:07.081293 - Found $$NOTE1.txt (text/plain) in CBT.V505.FILE753.PDS, moved to PDS/$$NOTE1
2025-04-15 23:55:07.081339 - Found @FILE753.txt (text/plain) in CBT.V505.FILE753.PDS, moved to PDS/@FILE753
2025-04-15 23:55:07.081887 - Found HELP.xmi (application/xmit) in CBT.V505.FILE753.PDS, moved to PDS/HELP.xmi
2025-04-15 23:55:07.227383 - Received PST0705.IRXFLOC.DOC from HELP.xmi 
2025-04-15 23:55:07.228837 - Found $INDEX.txt (text/plain) in PST0705.IRXFLOC.DOC, moved to HELP/$INDEX
2025-04-15 23:55:07.229341 - Found @CURSOR.txt (text/plain) in PST0705.IRXFLOC.DOC, moved to HELP/@CURSOR
2025-04-15 23:55:07.229660 - Found DELIMSTR.txt (text/plain) in PST0705.IRXFLOC.DOC, moved to HELP/DELIMSTR
2025-04-15 23:55:07.229864 - Found DSN4DD.txt (text/plain) in PST0705.IRXFLOC.DOC, moved to HELP/DSN4DD
2025-04-15 23:55:07.230041 - Found DYNALLOC.txt (text/plain) in PST0705.IRXFLOC.DOC, moved to HELP/DYNALLOC
2025-04-15 23:55:07.230208 - Found JFCB.txt (text/plain) in PST0705.IRXFLOC.DOC, moved to HELP/JFCB
2025-04-15 23:55:07.230377 - Found MIN1POS.txt (text/plain) in PST0705.IRXFLOC.DOC, moved to HELP/MIN1POS
2025-04-15 23:55:07.230623 - Found SCC@DSN.txt (text/plain) in PST0705.IRXFLOC.DOC, moved to HELP/SCC@DSN
2025-04-15 23:55:07.230807 - Found SCCALLOC.txt (text/plain) in PST0705.IRXFLOC.DOC, moved to HELP/SCCALLOC
2025-04-15 23:55:07.231024 - Found SCCO2D.txt (text/plain) in PST0705.IRXFLOC.DOC, moved to HELP/SCCO2D
2025-04-15 23:55:07.231188 - Found SCCPDSD.txt (text/plain) in PST0705.IRXFLOC.DOC, moved to HELP/SCCPDSD
2025-04-15 23:55:07.231370 - Found SCCPDSR.txt (text/plain) in PST0705.IRXFLOC.DOC, moved to HELP/SCCPDSR
2025-04-15 23:55:07.231531 - Found SCCPWR2.txt (text/plain) in PST0705.IRXFLOC.DOC, moved to HELP/SCCPWR2
2025-04-15 23:55:07.231717 - Found SCCQWVAR.txt (text/plain) in PST0705.IRXFLOC.DOC, moved to HELP/SCCQWVAR
2025-04-15 23:55:07.231875 - Found SCXAMS.txt (text/plain) in PST0705.IRXFLOC.DOC, moved to HELP/SCXAMS
2025-04-15 23:55:07.232040 - Found SCXSORT.txt (text/plain) in PST0705.IRXFLOC.DOC, moved to HELP/SCXSORT
2025-04-15 23:55:07.232347 - Found TUNIT.txt (text/plain) in PST0705.IRXFLOC.DOC, moved to HELP/TUNIT
2025-04-15 23:55:07.232668 - Found VOL4DD.txt (text/plain) in PST0705.IRXFLOC.DOC, moved to HELP/VOL4DD
2025-04-15 23:55:07.232966 - Found WILDCARD.txt (text/plain) in PST0705.IRXFLOC.DOC, moved to HELP/WILDCARD
2025-04-15 23:55:07.233258 - Found XDATE.txt (text/plain) in PST0705.IRXFLOC.DOC, moved to HELP/XDATE
2025-04-15 23:55:07.234767 - Found IRXFLOC.xmi (application/xmit) in CBT.V505.FILE753.PDS, moved to PDS/IRXFLOC.xmi
2025-04-15 23:55:07.251347 - Received SYSA.LINKLIB from IRXFLOC.xmi 
2025-04-15 23:55:07.252906 - Found IRXFLOC.bin (application/octet-stream) in SYSA.LINKLIB, moved to IRXFLOC/IRXFLOC
2025-04-15 23:55:07.253279 - Found LKEDDATE.rexx (text/plain) in CBT.V505.FILE753.PDS, moved to PDS/LKEDDATE
